<?xml version="1.0" encoding="UTF-8"?>
<!-- Generated by org.testng.reporters.JUnitXMLReporter -->
<testsuite ignored="2" hostname="LAPTOP-3C5ECVTT" failures="1" tests="2" name="Test" time="45.065" errors="0" timestamp="2022-05-27T10:41:40 IST">
  <testcase classname="com.vtiger.compaignsTest.CreateCompaignTest" name="Createcomp" time="14.489"/>
  <testcase classname="com.vtiger.contactsTest.CreateContactsTest" name="createContactsTest" time="0.003">
    <failure type="java.lang.NullPointerException" message="Cannot invoke &amp;quot;Object.toString()&amp;quot; because the return value of &amp;quot;org.apache.poi.ss.usermodel.Row.getCell(int)&amp;quot; is null">
      <![CDATA[java.lang.NullPointerException: Cannot invoke "Object.toString()" because the return value of "org.apache.poi.ss.usermodel.Row.getCell(int)" is null
at com.sdet34l1.genericInformationStudy.ExlLibrary.getExcelfile(ExlLibrary.java:49)
at com.vtiger.contactsTest.CreateContactsTest.createContactsTest(CreateContactsTest.java:17)
at java.base/java.util.ArrayList.forEach(ArrayList.java:1511)
... Removed 27 stack frames]]>
    </failure>
  </testcase> <!-- createContactsTest -->
  <testcase classname="com.vtiger.practice.BaseClass" name="@AfterSuite AfterSuite" time="0.0">
    <ignored/>
  </testcase> <!-- @AfterSuite AfterSuite -->
  <testcase classname="com.vtiger.practice.BaseClass" name="@BeforeSuite BeforeSuiteTest" time="0.0">
    <ignored/>
  </testcase> <!-- @BeforeSuite BeforeSuiteTest -->
</testsuite> <!-- Test -->
